# JRE version: OpenJDK Runtime Environment (8.0_152-b01) (build 1.8.0_152-release-915-b01)
# Java VM: OpenJDK 64-Bit Server VM (25.152-b01 mixed mode linux-amd64 compressed oops)
Heap:
 PSYoungGen      total 296960K, used 0K [0x00000000e0000000, 0x00000000f4000000, 0x0000000100000000)
  eden space 272384K, 0% used [0x00000000e0000000,0x00000000e0000000,0x00000000f0a00000)
  from space 24576K, 0% used [0x00000000f2800000,0x00000000f2800000,0x00000000f4000000)
  to   space 27648K, 0% used [0x00000000f0a00000,0x00000000f0a00000,0x00000000f2500000)
 ParOldGen       total 123392K, used 92676K [0x00000000a0000000, 0x00000000a7880000, 0x00000000e0000000)
  object space 123392K, 75% used [0x00000000a0000000,0x00000000a5a81070,0x00000000a7880000)
 Metaspace       used 80876K, capacity 84526K, committed 84824K, reserved 1122304K
  class space    used 10291K, capacity 11230K, committed 11392K, reserved 1048576K
GC Heap History (10 events):
Event: 123.613 GC heap after
Heap after GC invocations=40 (full 4):
 PSYoungGen      total 233984K, used 9136K [0x00000000e0000000, 0x00000000f0380000, 0x0000000100000000)
  eden space 204288K, 0% used [0x00000000e0000000,0x00000000e0000000,0x00000000ec780000)
  from space 29696K, 30% used [0x00000000ee680000,0x00000000eef6c1d0,0x00000000f0380000)
  to   space 30720K, 0% used [0x00000000ec780000,0x00000000ec780000,0x00000000ee580000)
 ParOldGen       total 123392K, used 100291K [0x00000000a0000000, 0x00000000a7880000, 0x00000000e0000000)
  object space 123392K, 81% used [0x00000000a0000000,0x00000000a61f0d58,0x00000000a7880000)
 Metaspace       used 80808K, capacity 84560K, committed 84824K, reserved 1122304K
  class space    used 10313K, capacity 11269K, committed 11392K, reserved 1048576K
}
Event: 124.638 GC heap before
{Heap before GC invocations=41 (full 4):
 PSYoungGen      total 233984K, used 213424K [0x00000000e0000000, 0x00000000f0380000, 0x0000000100000000)
  eden space 204288K, 100% used [0x00000000e0000000,0x00000000ec780000,0x00000000ec780000)
  from space 29696K, 30% used [0x00000000ee680000,0x00000000eef6c1d0,0x00000000f0380000)
  to   space 30720K, 0% used [0x00000000ec780000,0x00000000ec780000,0x00000000ee580000)
 ParOldGen       total 123392K, used 100291K [0x00000000a0000000, 0x00000000a7880000, 0x00000000e0000000)
  object space 123392K, 81% used [0x00000000a0000000,0x00000000a61f0d58,0x00000000a7880000)
 Metaspace       used 80868K, capacity 84560K, committed 84824K, reserved 1122304K
  class space    used 10313K, capacity 11269K, committed 11392K, reserved 1048576K
Event: 124.670 GC heap after
Heap after GC invocations=41 (full 4):
 PSYoungGen      total 235008K, used 7560K [0x00000000e0000000, 0x00000000f2180000, 0x0000000100000000)
  eden space 204288K, 0% used [0x00000000e0000000,0x00000000e0000000,0x00000000ec780000)
  from space 30720K, 24% used [0x00000000ec780000,0x00000000ecee2090,0x00000000ee580000)
  to   space 29696K, 0% used [0x00000000f0480000,0x00000000f0480000,0x00000000f2180000)
 ParOldGen       total 123392K, used 104323K [0x00000000a0000000, 0x00000000a7880000, 0x00000000e0000000)
  object space 123392K, 84% used [0x00000000a0000000,0x00000000a65e0df8,0x00000000a7880000)
 Metaspace       used 80868K, capacity 84560K, committed 84824K, reserved 1122304K
  class space    used 10313K, capacity 11269K, committed 11392K, reserved 1048576K
}
Event: 125.654 GC heap before
{Heap before GC invocations=42 (full 4):
 PSYoungGen      total 235008K, used 211848K [0x00000000e0000000, 0x00000000f2180000, 0x0000000100000000)
  eden space 204288K, 100% used [0x00000000e0000000,0x00000000ec780000,0x00000000ec780000)
  from space 30720K, 24% used [0x00000000ec780000,0x00000000ecee2090,0x00000000ee580000)
  to   space 29696K, 0% used [0x00000000f0480000,0x00000000f0480000,0x00000000f2180000)
 ParOldGen       total 123392K, used 104323K [0x00000000a0000000, 0x00000000a7880000, 0x00000000e0000000)
  object space 123392K, 84% used [0x00000000a0000000,0x00000000a65e0df8,0x00000000a7880000)
 Metaspace       used 80899K, capacity 84624K, committed 84824K, reserved 1122304K
  class space    used 10313K, capacity 11269K, committed 11392K, reserved 1048576K
Event: 125.698 GC heap after
Heap after GC invocations=42 (full 4):
 PSYoungGen      total 267264K, used 5728K [0x00000000e0000000, 0x00000000f2180000, 0x0000000100000000)
  eden space 237568K, 0% used [0x00000000e0000000,0x00000000e0000000,0x00000000ee800000)
  from space 29696K, 19% used [0x00000000f0480000,0x00000000f0a18090,0x00000000f2180000)
  to   space 29184K, 0% used [0x00000000ee800000,0x00000000ee800000,0x00000000f0480000)
 ParOldGen       total 123392K, used 106099K [0x00000000a0000000, 0x00000000a7880000, 0x00000000e0000000)
  object space 123392K, 85% used [0x00000000a0000000,0x00000000a679cdf8,0x00000000a7880000)
 Metaspace       used 80899K, capacity 84624K, committed 84824K, reserved 1122304K
  class space    used 10313K, capacity 11269K, committed 11392K, reserved 1048576K
}
Event: 127.097 GC heap before
{Heap before GC invocations=43 (full 4):
 PSYoungGen      total 267264K, used 243296K [0x00000000e0000000, 0x00000000f2180000, 0x0000000100000000)
  eden space 237568K, 100% used [0x00000000e0000000,0x00000000ee800000,0x00000000ee800000)
  from space 29696K, 19% used [0x00000000f0480000,0x00000000f0a18090,0x00000000f2180000)
  to   space 29184K, 0% used [0x00000000ee800000,0x00000000ee800000,0x00000000f0480000)
 ParOldGen       total 123392K, used 106198K [0x00000000a0000000, 0x00000000a7880000, 0x00000000e0000000)
  object space 123392K, 86% used [0x00000000a0000000,0x00000000a67b5868,0x00000000a7880000)
 Metaspace       used 80914K, capacity 84688K, committed 84824K, reserved 1122304K
  class space    used 10313K, capacity 11269K, committed 11392K, reserved 1048576K
Event: 127.113 GC heap after
Heap after GC invocations=43 (full 4):
 PSYoungGen      total 266752K, used 5296K [0x00000000e0000000, 0x00000000f4400000, 0x0000000100000000)
  eden space 237568K, 0% used [0x00000000e0000000,0x00000000e0000000,0x00000000ee800000)
  from space 29184K, 18% used [0x00000000ee800000,0x00000000eed2c0c0,0x00000000f0480000)
  to   space 28672K, 0% used [0x00000000f2800000,0x00000000f2800000,0x00000000f4400000)
 ParOldGen       total 123392K, used 108262K [0x00000000a0000000, 0x00000000a7880000, 0x00000000e0000000)
  object space 123392K, 87% used [0x00000000a0000000,0x00000000a69b9878,0x00000000a7880000)
 Metaspace       used 80914K, capacity 84688K, committed 84824K, reserved 1122304K
  class space    used 10313K, capacity 11269K, committed 11392K, reserved 1048576K
}
Event: 128.733 GC heap before
{Heap before GC invocations=44 (full 4):
 PSYoungGen      total 266752K, used 242864K [0x00000000e0000000, 0x00000000f4400000, 0x0000000100000000)
  eden space 237568K, 100% used [0x00000000e0000000,0x00000000ee800000,0x00000000ee800000)
  from space 29184K, 18% used [0x00000000ee800000,0x00000000eed2c0c0,0x00000000f0480000)
  to   space 28672K, 0% used [0x00000000f2800000,0x00000000f2800000,0x00000000f4400000)
 ParOldGen       total 123392K, used 108264K [0x00000000a0000000, 0x00000000a7880000, 0x00000000e0000000)
  object space 123392K, 87% used [0x00000000a0000000,0x00000000a69ba008,0x00000000a7880000)
 Metaspace       used 80936K, capacity 84688K, committed 84824K, reserved 1122304K
  class space    used 10313K, capacity 11269K, committed 11392K, reserved 1048576K
Event: 128.839 GC heap after
Heap after GC invocations=44 (full 4):
 PSYoungGen      total 296960K, used 5952K [0x00000000e0000000, 0x00000000f4000000, 0x0000000100000000)
  eden space 272384K, 0% used [0x00000000e0000000,0x00000000e0000000,0x00000000f0a00000)
  from space 24576K, 24% used [0x00000000f2800000,0x00000000f2dd00c0,0x00000000f4000000)
  to   space 27648K, 0% used [0x00000000f0a00000,0x00000000f0a00000,0x00000000f2500000)
 ParOldGen       total 123392K, used 111496K [0x00000000a0000000, 0x00000000a7880000, 0x00000000e0000000)
  object space 123392K, 90% used [0x00000000a0000000,0x00000000a6ce2018,0x00000000a7880000)
 Metaspace       used 80936K, capacity 84688K, committed 84824K, reserved 1122304K
  class space    used 10313K, capacity 11269K, committed 11392K, reserved 1048576K
}
Event: 128.839 GC heap before
{Heap before GC invocations=45 (full 5):
 PSYoungGen      total 296960K, used 5952K [0x00000000e0000000, 0x00000000f4000000, 0x0000000100000000)
  eden space 272384K, 0% used [0x00000000e0000000,0x00000000e0000000,0x00000000f0a00000)
  from space 24576K, 24% used [0x00000000f2800000,0x00000000f2dd00c0,0x00000000f4000000)
  to   space 27648K, 0% used [0x00000000f0a00000,0x00000000f0a00000,0x00000000f2500000)
 ParOldGen       total 123392K, used 111496K [0x00000000a0000000, 0x00000000a7880000, 0x00000000e0000000)
  object space 123392K, 90% used [0x00000000a0000000,0x00000000a6ce2018,0x00000000a7880000)
 Metaspace       used 80936K, capacity 84688K, committed 84824K, reserved 1122304K
  class space    used 10313K, capacity 11269K, committed 11392K, reserved 1048576K

