# JRE version: OpenJDK Runtime Environment (8.0_152-b01) (build 1.8.0_152-release-915-b01)
# Java VM: OpenJDK 64-Bit Server VM (25.152-b01 mixed mode linux-amd64 compressed oops)
Heap:
 PSYoungGen      total 390656K, used 4520K [0x00000000e0000000, 0x00000000f9f00000, 0x0000000100000000)
  eden space 361984K, 0% used [0x00000000e0000000,0x00000000e0000000,0x00000000f6180000)
  from space 28672K, 15% used [0x00000000f6180000,0x00000000f65ea050,0x00000000f7d80000)
  to   space 30208K, 0% used [0x00000000f7d80000,0x00000000f7d80000,0x00000000f9b00000)
 ParOldGen       total 94720K, used 76078K [0x00000000a0000000, 0x00000000a5c80000, 0x00000000e0000000)
  object space 94720K, 80% used [0x00000000a0000000,0x00000000a4a4ba48,0x00000000a5c80000)
 Metaspace       used 67952K, capacity 70166K, committed 70400K, reserved 1110016K
  class space    used 8812K, capacity 9354K, committed 9472K, reserved 1048576K
GC Heap History (10 events):
Event: 57.307 GC heap after
Heap after GC invocations=19 (full 3):
 PSYoungGen      total 267264K, used 11209K [0x00000000e0000000, 0x00000000f1f00000, 0x0000000100000000)
  eden space 250880K, 0% used [0x00000000e0000000,0x00000000e0000000,0x00000000ef500000)
  from space 16384K, 68% used [0x00000000f0600000,0x00000000f10f25f0,0x00000000f1600000)
  to   space 17408K, 0% used [0x00000000ef500000,0x00000000ef500000,0x00000000f0600000)
 ParOldGen       total 94720K, used 37710K [0x00000000a0000000, 0x00000000a5c80000, 0x00000000e0000000)
  object space 94720K, 39% used [0x00000000a0000000,0x00000000a24d3920,0x00000000a5c80000)
 Metaspace       used 63615K, capacity 65546K, committed 65792K, reserved 1105920K
  class space    used 8424K, capacity 8916K, committed 8960K, reserved 1048576K
}
Event: 61.167 GC heap before
{Heap before GC invocations=20 (full 3):
 PSYoungGen      total 267264K, used 262089K [0x00000000e0000000, 0x00000000f1f00000, 0x0000000100000000)
  eden space 250880K, 100% used [0x00000000e0000000,0x00000000ef500000,0x00000000ef500000)
  from space 16384K, 68% used [0x00000000f0600000,0x00000000f10f25f0,0x00000000f1600000)
  to   space 17408K, 0% used [0x00000000ef500000,0x00000000ef500000,0x00000000f0600000)
 ParOldGen       total 94720K, used 37710K [0x00000000a0000000, 0x00000000a5c80000, 0x00000000e0000000)
  object space 94720K, 39% used [0x00000000a0000000,0x00000000a24d3920,0x00000000a5c80000)
 Metaspace       used 64568K, capacity 66716K, committed 66816K, reserved 1107968K
  class space    used 8582K, capacity 9129K, committed 9216K, reserved 1048576K
Event: 61.219 GC heap after
Heap after GC invocations=20 (full 3):
 PSYoungGen      total 268288K, used 17406K [0x00000000e0000000, 0x00000000f4d00000, 0x0000000100000000)
  eden space 250880K, 0% used [0x00000000e0000000,0x00000000e0000000,0x00000000ef500000)
  from space 17408K, 99% used [0x00000000ef500000,0x00000000f05ffb40,0x00000000f0600000)
  to   space 23040K, 0% used [0x00000000f3680000,0x00000000f3680000,0x00000000f4d00000)
 ParOldGen       total 94720K, used 45734K [0x00000000a0000000, 0x00000000a5c80000, 0x00000000e0000000)
  object space 94720K, 48% used [0x00000000a0000000,0x00000000a2ca9918,0x00000000a5c80000)
 Metaspace       used 64568K, capacity 66716K, committed 66816K, reserved 1107968K
  class space    used 8582K, capacity 9129K, committed 9216K, reserved 1048576K
}
Event: 63.936 GC heap before
{Heap before GC invocations=21 (full 3):
 PSYoungGen      total 268288K, used 268286K [0x00000000e0000000, 0x00000000f4d00000, 0x0000000100000000)
  eden space 250880K, 100% used [0x00000000e0000000,0x00000000ef500000,0x00000000ef500000)
  from space 17408K, 99% used [0x00000000ef500000,0x00000000f05ffb40,0x00000000f0600000)
  to   space 23040K, 0% used [0x00000000f3680000,0x00000000f3680000,0x00000000f4d00000)
 ParOldGen       total 94720K, used 45734K [0x00000000a0000000, 0x00000000a5c80000, 0x00000000e0000000)
  object space 94720K, 48% used [0x00000000a0000000,0x00000000a2ca9918,0x00000000a5c80000)
 Metaspace       used 67345K, capacity 69510K, committed 69632K, reserved 1110016K
  class space    used 8812K, capacity 9354K, committed 9472K, reserved 1048576K
Event: 63.989 GC heap after
Heap after GC invocations=21 (full 3):
 PSYoungGen      total 313344K, used 23022K [0x00000000e0000000, 0x00000000f5c80000, 0x0000000100000000)
  eden space 290304K, 0% used [0x00000000e0000000,0x00000000e0000000,0x00000000f1b80000)
  from space 23040K, 99% used [0x00000000f3680000,0x00000000f4cfbba8,0x00000000f4d00000)
  to   space 27648K, 0% used [0x00000000f1b80000,0x00000000f1b80000,0x00000000f3680000)
 ParOldGen       total 94720K, used 49259K [0x00000000a0000000, 0x00000000a5c80000, 0x00000000e0000000)
  object space 94720K, 52% used [0x00000000a0000000,0x00000000a301af48,0x00000000a5c80000)
 Metaspace       used 67345K, capacity 69510K, committed 69632K, reserved 1110016K
  class space    used 8812K, capacity 9354K, committed 9472K, reserved 1048576K
}
Event: 65.621 GC heap before
{Heap before GC invocations=22 (full 3):
 PSYoungGen      total 313344K, used 313326K [0x00000000e0000000, 0x00000000f5c80000, 0x0000000100000000)
  eden space 290304K, 100% used [0x00000000e0000000,0x00000000f1b80000,0x00000000f1b80000)
  from space 23040K, 99% used [0x00000000f3680000,0x00000000f4cfbba8,0x00000000f4d00000)
  to   space 27648K, 0% used [0x00000000f1b80000,0x00000000f1b80000,0x00000000f3680000)
 ParOldGen       total 94720K, used 49259K [0x00000000a0000000, 0x00000000a5c80000, 0x00000000e0000000)
  object space 94720K, 52% used [0x00000000a0000000,0x00000000a301af48,0x00000000a5c80000)
 Metaspace       used 67673K, capacity 69902K, committed 70144K, reserved 1110016K
  class space    used 8812K, capacity 9354K, committed 9472K, reserved 1048576K
Event: 65.680 GC heap after
Heap after GC invocations=22 (full 3):
 PSYoungGen      total 317952K, used 22048K [0x00000000e0000000, 0x00000000f9b00000, 0x0000000100000000)
  eden space 290304K, 0% used [0x00000000e0000000,0x00000000e0000000,0x00000000f1b80000)
  from space 27648K, 79% used [0x00000000f1b80000,0x00000000f3108160,0x00000000f3680000)
  to   space 30208K, 0% used [0x00000000f7d80000,0x00000000f7d80000,0x00000000f9b00000)
 ParOldGen       total 94720K, used 58065K [0x00000000a0000000, 0x00000000a5c80000, 0x00000000e0000000)
  object space 94720K, 61% used [0x00000000a0000000,0x00000000a38b46e8,0x00000000a5c80000)
 Metaspace       used 67673K, capacity 69902K, committed 70144K, reserved 1110016K
  class space    used 8812K, capacity 9354K, committed 9472K, reserved 1048576K
}
Event: 67.147 GC heap before
{Heap before GC invocations=23 (full 3):
 PSYoungGen      total 317952K, used 312352K [0x00000000e0000000, 0x00000000f9b00000, 0x0000000100000000)
  eden space 290304K, 100% used [0x00000000e0000000,0x00000000f1b80000,0x00000000f1b80000)
  from space 27648K, 79% used [0x00000000f1b80000,0x00000000f3108160,0x00000000f3680000)
  to   space 30208K, 0% used [0x00000000f7d80000,0x00000000f7d80000,0x00000000f9b00000)
 ParOldGen       total 94720K, used 58065K [0x00000000a0000000, 0x00000000a5c80000, 0x00000000e0000000)
  object space 94720K, 61% used [0x00000000a0000000,0x00000000a38b46e8,0x00000000a5c80000)
 Metaspace       used 67867K, capacity 70038K, committed 70400K, reserved 1110016K
  class space    used 8812K, capacity 9354K, committed 9472K, reserved 1048576K
Event: 67.205 GC heap after
Heap after GC invocations=23 (full 3):
 PSYoungGen      total 392192K, used 11792K [0x00000000e0000000, 0x00000000f9f00000, 0x0000000100000000)
  eden space 361984K, 0% used [0x00000000e0000000,0x00000000e0000000,0x00000000f6180000)
  from space 30208K, 39% used [0x00000000f7d80000,0x00000000f89040e0,0x00000000f9b00000)
  to   space 28672K, 0% used [0x00000000f6180000,0x00000000f6180000,0x00000000f7d80000)
 ParOldGen       total 94720K, used 70214K [0x00000000a0000000, 0x00000000a5c80000, 0x00000000e0000000)
  object space 94720K, 74% used [0x00000000a0000000,0x00000000a4491a38,0x00000000a5c80000)
 Metaspace       used 67867K, capacity 70038K, committed 70400K, reserved 1110016K
  class space    used 8812K, capacity 9354K, committed 9472K, reserved 1048576K
}
Event: 68.879 GC heap before
{Heap before GC invocations=24 (full 3):
 PSYoungGen      total 392192K, used 373776K [0x00000000e0000000, 0x00000000f9f00000, 0x0000000100000000)
  eden space 361984K, 100% used [0x00000000e0000000,0x00000000f6180000,0x00000000f6180000)
  from space 30208K, 39% used [0x00000000f7d80000,0x00000000f89040e0,0x00000000f9b00000)
  to   space 28672K, 0% used [0x00000000f6180000,0x00000000f6180000,0x00000000f7d80000)
 ParOldGen       total 94720K, used 70214K [0x00000000a0000000, 0x00000000a5c80000, 0x00000000e0000000)
  object space 94720K, 74% used [0x00000000a0000000,0x00000000a4491a38,0x00000000a5c80000)
 Metaspace       used 67952K, capacity 70166K, committed 70400K, reserved 1110016K
  class space    used 8812K, capacity 9354K, committed 9472K, reserved 1048576K

